{"level":"warn","message":"Client build directory not found:","timestamp":"2025-04-20T21:07:35.202Z"}
{"level":"debug","message":"New client connected to the pool","timestamp":"2025-04-20T21:07:35.239Z"}
{"duration":44,"level":"debug","message":"Executed query","text":"\n        CREATE TABLE IF NOT EXISTS users (\n          id SERIAL PRIMARY KEY,\n          email VARCHAR(255) UNIQUE NOT NULL,\n          password VARCHAR(255) NOT NULL,\n          created_at TIMESTAMP DEFAULT NOW()\n        );\n        \n        CREATE TABLE IF NOT EXISTS saved_articles (\n          id SERIAL PRIMARY KEY,\n          user_id INTEGER REFERENCES users(id),\n          article_id VARCHAR(255) NOT NULL,\n          saved_at TIMESTAMP DEFAULT NOW(),\n          UNIQUE(user_id, article_id)\n        );\n      ","timestamp":"2025-04-20T21:07:35.248Z"}
{"level":"info","message":"Database initialized successfully","timestamp":"2025-04-20T21:07:35.248Z"}
{"level":"info","message":"Server running on port 3001","timestamp":"2025-04-20T21:07:35.249Z"}
{"API_KEY_SET":true,"DB_CONNECTED":true,"NODE_ENV":"development","level":"info","message":"Current environment variables:","timestamp":"2025-04-20T21:07:35.249Z"}
{"level":"debug","message":"Client removed from the pool","timestamp":"2025-04-20T21:08:05.249Z"}
{"level":"warn","message":"Client build directory not found:","timestamp":"2025-04-20T21:08:56.135Z"}
{"level":"debug","message":"New client connected to the pool","timestamp":"2025-04-20T21:08:56.171Z"}
{"duration":36,"level":"debug","message":"Executed query","text":"\n        CREATE TABLE IF NOT EXISTS users (\n          id SERIAL PRIMARY KEY,\n          email VARCHAR(255) UNIQUE NOT NULL,\n          password VARCHAR(255) NOT NULL,\n          created_at TIMESTAMP DEFAULT NOW()\n        );\n        \n        CREATE TABLE IF NOT EXISTS saved_articles (\n          id SERIAL PRIMARY KEY,\n          user_id INTEGER REFERENCES users(id),\n          article_id VARCHAR(255) NOT NULL,\n          saved_at TIMESTAMP DEFAULT NOW(),\n          UNIQUE(user_id, article_id)\n        );\n      ","timestamp":"2025-04-20T21:08:56.173Z"}
{"level":"warn","message":"Client build directory not found:","timestamp":"2025-04-20T21:09:18.719Z"}
{"level":"debug","message":"New client connected to the pool","timestamp":"2025-04-20T21:09:18.756Z"}
{"duration":37,"level":"debug","message":"Executed query","text":"\n        CREATE TABLE IF NOT EXISTS users (\n          id SERIAL PRIMARY KEY,\n          email VARCHAR(255) UNIQUE NOT NULL,\n          password VARCHAR(255) NOT NULL,\n          created_at TIMESTAMP DEFAULT NOW()\n        );\n        \n        CREATE TABLE IF NOT EXISTS saved_articles (\n          id SERIAL PRIMARY KEY,\n          user_id INTEGER REFERENCES users(id),\n          article_id VARCHAR(255) NOT NULL,\n          saved_at TIMESTAMP DEFAULT NOW(),\n          UNIQUE(user_id, article_id)\n        );\n      ","timestamp":"2025-04-20T21:09:18.757Z"}
{"level":"warn","message":"Client build directory not found:","timestamp":"2025-04-20T21:10:04.538Z"}
{"level":"debug","message":"New client connected to the pool","timestamp":"2025-04-20T21:10:04.574Z"}
{"duration":36,"level":"debug","message":"Executed query","text":"\n        CREATE TABLE IF NOT EXISTS users (\n          id SERIAL PRIMARY KEY,\n          email VARCHAR(255) UNIQUE NOT NULL,\n          password VARCHAR(255) NOT NULL,\n          created_at TIMESTAMP DEFAULT NOW()\n        );\n        \n        CREATE TABLE IF NOT EXISTS saved_articles (\n          id SERIAL PRIMARY KEY,\n          user_id INTEGER REFERENCES users(id),\n          article_id VARCHAR(255) NOT NULL,\n          saved_at TIMESTAMP DEFAULT NOW(),\n          UNIQUE(user_id, article_id)\n        );\n      ","timestamp":"2025-04-20T21:10:04.575Z"}
{"level":"info","message":"Database initialized successfully","timestamp":"2025-04-20T21:10:04.576Z"}
{"level":"info","message":"Server running on port 3001","timestamp":"2025-04-20T21:10:04.577Z"}
{"API_KEY_SET":true,"DB_CONNECTED":true,"NODE_ENV":"development","level":"info","message":"Current environment variables:","timestamp":"2025-04-20T21:10:04.577Z"}
{"level":"debug","message":"Client removed from the pool","timestamp":"2025-04-20T21:10:34.577Z"}
{"level":"info","message":"::1 - - [20/Apr/2025:21:12:27 +0000] \"POST /api/auth/register HTTP/1.1\" 400 271 \"http://localhost:5173/register\" \"Mozilla/5.0 (Macintosh; Intel Mac OS X 10_15_7) AppleWebKit/537.36 (KHTML, like Gecko) Chrome/135.0.0.0 Safari/537.36\"","timestamp":"2025-04-20T21:12:27.985Z"}
{"level":"debug","message":"New client connected to the pool","timestamp":"2025-04-20T21:12:46.427Z"}
{"duration":50,"level":"debug","message":"Executed query","rows":0,"text":"SELECT * FROM users WHERE email = $1","timestamp":"2025-04-20T21:12:46.434Z"}
{"error":{"isOperational":true,"name":"AuthenticationError","status":"fail","statusCode":401},"level":"error","message":"Login error","timestamp":"2025-04-20T21:12:46.435Z"}
{"body":{"email":"mharriman6@gmail.com","password":"3310538Dice!"},"error":{"isOperational":true,"name":"AuthenticationError","status":"fail","statusCode":401},"level":"error","message":"Error occurred","method":"POST","params":{},"path":"/api/auth/login","query":{},"timestamp":"2025-04-20T21:12:46.436Z"}
{"level":"info","message":"::1 - - [20/Apr/2025:21:12:46 +0000] \"POST /api/auth/login HTTP/1.1\" 401 49 \"http://localhost:5173/login\" \"Mozilla/5.0 (Macintosh; Intel Mac OS X 10_15_7) AppleWebKit/537.36 (KHTML, like Gecko) Chrome/135.0.0.0 Safari/537.36\"","timestamp":"2025-04-20T21:12:46.438Z"}
{"duration":2,"level":"debug","message":"Executed query","rows":0,"text":"SELECT * FROM users WHERE email = $1","timestamp":"2025-04-20T21:12:55.570Z"}
{"error":{"isOperational":true,"name":"AuthenticationError","status":"fail","statusCode":401},"level":"error","message":"Login error","timestamp":"2025-04-20T21:12:55.570Z"}
{"body":{"email":"mharriman6@gmail.com","password":"Bostonbruins1!"},"error":{"isOperational":true,"name":"AuthenticationError","status":"fail","statusCode":401},"level":"error","message":"Error occurred","method":"POST","params":{},"path":"/api/auth/login","query":{},"timestamp":"2025-04-20T21:12:55.571Z"}
{"level":"info","message":"::1 - - [20/Apr/2025:21:12:55 +0000] \"POST /api/auth/login HTTP/1.1\" 401 49 \"http://localhost:5173/login\" \"Mozilla/5.0 (Macintosh; Intel Mac OS X 10_15_7) AppleWebKit/537.36 (KHTML, like Gecko) Chrome/135.0.0.0 Safari/537.36\"","timestamp":"2025-04-20T21:12:55.572Z"}
{"level":"debug","message":"Client removed from the pool","timestamp":"2025-04-20T21:13:25.571Z"}
{"level":"debug","message":"New client connected to the pool","timestamp":"2025-04-20T21:14:22.283Z"}
{"duration":38,"level":"debug","message":"Executed query","rows":0,"text":"SELECT * FROM users WHERE email = $1","timestamp":"2025-04-20T21:14:22.287Z"}
{"error":{"isOperational":true,"name":"AuthenticationError","status":"fail","statusCode":401},"level":"error","message":"Login error","timestamp":"2025-04-20T21:14:22.287Z"}
{"body":{"email":"mharriman6@gmail.com","password":"Bostonbruins1!"},"error":{"isOperational":true,"name":"AuthenticationError","status":"fail","statusCode":401},"level":"error","message":"Error occurred","method":"POST","params":{},"path":"/api/auth/login","query":{},"timestamp":"2025-04-20T21:14:22.287Z"}
{"level":"info","message":"::1 - - [20/Apr/2025:21:14:22 +0000] \"POST /api/auth/login HTTP/1.1\" 401 49 \"http://localhost:5173/login\" \"Mozilla/5.0 (Macintosh; Intel Mac OS X 10_15_7) AppleWebKit/537.36 (KHTML, like Gecko) Chrome/135.0.0.0 Safari/537.36\"","timestamp":"2025-04-20T21:14:22.289Z"}
{"level":"info","message":"::1 - - [20/Apr/2025:21:14:42 +0000] \"GET /api/auth/health HTTP/1.1\" 404 154 \"-\" \"curl/8.7.1\"","timestamp":"2025-04-20T21:14:42.038Z"}
{"level":"debug","message":"Client removed from the pool","timestamp":"2025-04-20T21:14:52.288Z"}
{"level":"info","message":"SIGTERM received. Shutting down gracefully...","timestamp":"2025-04-20T21:17:02.247Z"}
{"level":"warn","message":"Client build directory not found:","timestamp":"2025-04-20T21:17:02.414Z"}
{"level":"debug","message":"New client connected to the pool","timestamp":"2025-04-20T21:17:02.452Z"}
{"duration":37,"level":"debug","message":"Executed query","text":"\n        CREATE TABLE IF NOT EXISTS users (\n          id SERIAL PRIMARY KEY,\n          email VARCHAR(255) UNIQUE NOT NULL,\n          password VARCHAR(255) NOT NULL,\n          created_at TIMESTAMP DEFAULT NOW()\n        );\n        \n        CREATE TABLE IF NOT EXISTS saved_articles (\n          id SERIAL PRIMARY KEY,\n          user_id INTEGER REFERENCES users(id),\n          article_id VARCHAR(255) NOT NULL,\n          saved_at TIMESTAMP DEFAULT NOW(),\n          UNIQUE(user_id, article_id)\n        );\n      ","timestamp":"2025-04-20T21:17:02.453Z"}
{"level":"info","message":"Database initialized successfully","timestamp":"2025-04-20T21:17:02.453Z"}
{"level":"info","message":"Server running on port 3001","timestamp":"2025-04-20T21:17:02.454Z"}
{"API_KEY_SET":true,"DB_CONNECTED":true,"NODE_ENV":"development","level":"info","message":"Current environment variables:","timestamp":"2025-04-20T21:17:02.454Z"}
{"level":"debug","message":"Client removed from the pool","timestamp":"2025-04-20T21:17:32.455Z"}
{"level":"info","message":"SIGTERM received. Shutting down gracefully...","timestamp":"2025-04-20T21:17:37.918Z"}
{"level":"warn","message":"Client build directory not found:","timestamp":"2025-04-20T21:18:02.983Z"}
{"level":"debug","message":"New client connected to the pool","timestamp":"2025-04-20T21:18:03.021Z"}
{"duration":38,"level":"debug","message":"Executed query","text":"\n        CREATE TABLE IF NOT EXISTS users (\n          id SERIAL PRIMARY KEY,\n          email VARCHAR(255) UNIQUE NOT NULL,\n          password VARCHAR(255) NOT NULL,\n          created_at TIMESTAMP DEFAULT NOW()\n        );\n        \n        CREATE TABLE IF NOT EXISTS saved_articles (\n          id SERIAL PRIMARY KEY,\n          user_id INTEGER REFERENCES users(id),\n          article_id VARCHAR(255) NOT NULL,\n          saved_at TIMESTAMP DEFAULT NOW(),\n          UNIQUE(user_id, article_id)\n        );\n      ","timestamp":"2025-04-20T21:18:03.023Z"}
{"level":"info","message":"Database initialized successfully","timestamp":"2025-04-20T21:18:03.023Z"}
{"level":"info","message":"Server running on port 3001","timestamp":"2025-04-20T21:18:03.024Z"}
{"API_KEY_SET":true,"DB_CONNECTED":true,"NODE_ENV":"development","level":"info","message":"Current environment variables:","timestamp":"2025-04-20T21:18:03.024Z"}
{"level":"info","message":"::1 - - [20/Apr/2025:21:18:15 +0000] \"GET /api/auth/login HTTP/1.1\" 404 153 \"-\" \"curl/8.7.1\"","timestamp":"2025-04-20T21:18:15.182Z"}
{"level":"debug","message":"Client removed from the pool","timestamp":"2025-04-20T21:18:33.024Z"}
{"level":"debug","message":"New client connected to the pool","timestamp":"2025-04-20T21:19:20.735Z"}
{"duration":29,"level":"debug","message":"Executed query","rows":1,"text":"INSERT INTO users (email, password) VALUES ($1, $2) RETURNING id, email","timestamp":"2025-04-20T21:19:20.739Z"}
{"level":"info","message":"::1 - - [20/Apr/2025:21:19:20 +0000] \"POST /api/auth/register HTTP/1.1\" 201 243 \"http://localhost:5173/register\" \"Mozilla/5.0 (Macintosh; Intel Mac OS X 10_15_7) AppleWebKit/537.36 (KHTML, like Gecko) Chrome/135.0.0.0 Safari/537.36\"","timestamp":"2025-04-20T21:19:20.742Z"}
{"duration":1,"level":"debug","message":"Executed query","rows":1,"text":"SELECT * FROM users WHERE id = $1","timestamp":"2025-04-20T21:19:20.795Z"}
{"level":"info","message":"::1 - - [20/Apr/2025:21:19:20 +0000] \"GET /api/news?tickers=&topics=&time_from=&sort=LATEST&useMock=true HTTP/1.1\" 200 2148 \"http://localhost:5173/news\" \"Mozilla/5.0 (Macintosh; Intel Mac OS X 10_15_7) AppleWebKit/537.36 (KHTML, like Gecko) Chrome/135.0.0.0 Safari/537.36\"","timestamp":"2025-04-20T21:19:20.796Z"}
{"duration":1,"level":"debug","message":"Executed query","rows":1,"text":"SELECT * FROM users WHERE id = $1","timestamp":"2025-04-20T21:19:20.799Z"}
{"level":"info","message":"::1 - - [20/Apr/2025:21:19:20 +0000] \"GET /api/news?tickers=&topics=&time_from=&sort=LATEST&useMock=true HTTP/1.1\" 304 - \"http://localhost:5173/news\" \"Mozilla/5.0 (Macintosh; Intel Mac OS X 10_15_7) AppleWebKit/537.36 (KHTML, like Gecko) Chrome/135.0.0.0 Safari/537.36\"","timestamp":"2025-04-20T21:19:20.799Z"}
{"duration":2,"level":"debug","message":"Executed query","rows":1,"text":"SELECT * FROM users WHERE id = $1","timestamp":"2025-04-20T21:19:27.063Z"}
{"level":"info","message":"::1 - - [20/Apr/2025:21:19:39 +0000] \"GET /api/news?tickers=&topics=&time_from=&sort=LATEST&useMock=false HTTP/1.1\" 200 2148 \"http://localhost:5173/news\" \"Mozilla/5.0 (Macintosh; Intel Mac OS X 10_15_7) AppleWebKit/537.36 (KHTML, like Gecko) Chrome/135.0.0.0 Safari/537.36\"","timestamp":"2025-04-20T21:19:39.604Z"}
{"duration":1,"level":"debug","message":"Executed query","rows":1,"text":"SELECT * FROM users WHERE id = $1","timestamp":"2025-04-20T21:19:42.506Z"}
{"level":"info","message":"::1 - - [20/Apr/2025:21:19:42 +0000] \"GET /api/news?tickers=GS&topics=&time_from=2025-04-16&sort=RELEVANCE&useMock=false HTTP/1.1\" 200 2148 \"http://localhost:5173/news\" \"Mozilla/5.0 (Macintosh; Intel Mac OS X 10_15_7) AppleWebKit/537.36 (KHTML, like Gecko) Chrome/135.0.0.0 Safari/537.36\"","timestamp":"2025-04-20T21:19:42.562Z"}
{"duration":1,"level":"debug","message":"Executed query","rows":1,"text":"SELECT * FROM users WHERE id = $1","timestamp":"2025-04-20T21:19:47.551Z"}
{"level":"info","message":"::1 - - [20/Apr/2025:21:19:47 +0000] \"GET /api/news?tickers=GS&topics=&time_from=2025-04-16&sort=RELEVANCE&useMock=true HTTP/1.1\" 200 2148 \"http://localhost:5173/news\" \"Mozilla/5.0 (Macintosh; Intel Mac OS X 10_15_7) AppleWebKit/537.36 (KHTML, like Gecko) Chrome/135.0.0.0 Safari/537.36\"","timestamp":"2025-04-20T21:19:47.553Z"}
{"duration":0,"level":"debug","message":"Executed query","rows":1,"text":"SELECT * FROM users WHERE id = $1","timestamp":"2025-04-20T21:20:06.061Z"}
{"level":"info","message":"::1 - - [20/Apr/2025:21:20:06 +0000] \"GET /api/news/saved/1 HTTP/1.1\" 404 155 \"http://localhost:5173/saved\" \"Mozilla/5.0 (Macintosh; Intel Mac OS X 10_15_7) AppleWebKit/537.36 (KHTML, like Gecko) Chrome/135.0.0.0 Safari/537.36\"","timestamp":"2025-04-20T21:20:06.062Z"}
{"duration":1,"level":"debug","message":"Executed query","rows":1,"text":"SELECT * FROM users WHERE id = $1","timestamp":"2025-04-20T21:20:06.066Z"}
{"level":"info","message":"::1 - - [20/Apr/2025:21:20:06 +0000] \"GET /api/news/saved/1 HTTP/1.1\" 404 155 \"http://localhost:5173/saved\" \"Mozilla/5.0 (Macintosh; Intel Mac OS X 10_15_7) AppleWebKit/537.36 (KHTML, like Gecko) Chrome/135.0.0.0 Safari/537.36\"","timestamp":"2025-04-20T21:20:06.066Z"}
{"duration":1,"level":"debug","message":"Executed query","rows":1,"text":"SELECT * FROM users WHERE id = $1","timestamp":"2025-04-20T21:20:10.022Z"}
{"level":"info","message":"::1 - - [20/Apr/2025:21:20:10 +0000] \"GET /api/news?tickers=&topics=&time_from=&sort=LATEST&useMock=true HTTP/1.1\" 304 - \"http://localhost:5173/news\" \"Mozilla/5.0 (Macintosh; Intel Mac OS X 10_15_7) AppleWebKit/537.36 (KHTML, like Gecko) Chrome/135.0.0.0 Safari/537.36\"","timestamp":"2025-04-20T21:20:10.023Z"}
{"duration":1,"level":"debug","message":"Executed query","rows":1,"text":"SELECT * FROM users WHERE id = $1","timestamp":"2025-04-20T21:20:10.028Z"}
{"level":"info","message":"::1 - - [20/Apr/2025:21:20:10 +0000] \"GET /api/news?tickers=&topics=&time_from=&sort=LATEST&useMock=true HTTP/1.1\" 304 - \"http://localhost:5173/news\" \"Mozilla/5.0 (Macintosh; Intel Mac OS X 10_15_7) AppleWebKit/537.36 (KHTML, like Gecko) Chrome/135.0.0.0 Safari/537.36\"","timestamp":"2025-04-20T21:20:10.029Z"}
{"level":"debug","message":"Client removed from the pool","timestamp":"2025-04-20T21:20:40.029Z"}
{"level":"info","message":"::1 - - [20/Apr/2025:21:22:29 +0000] \"GET /api/auth/me HTTP/1.1\" 404 150 \"http://localhost:5173/news\" \"Mozilla/5.0 (Macintosh; Intel Mac OS X 10_15_7) AppleWebKit/537.36 (KHTML, like Gecko) Chrome/135.0.0.0 Safari/537.36\"","timestamp":"2025-04-20T21:22:29.026Z"}
{"level":"info","message":"::1 - - [20/Apr/2025:21:22:29 +0000] \"GET /api/auth/me HTTP/1.1\" 404 150 \"http://localhost:5173/news\" \"Mozilla/5.0 (Macintosh; Intel Mac OS X 10_15_7) AppleWebKit/537.36 (KHTML, like Gecko) Chrome/135.0.0.0 Safari/537.36\"","timestamp":"2025-04-20T21:22:29.029Z"}
{"level":"debug","message":"New client connected to the pool","timestamp":"2025-04-20T21:22:39.102Z"}
{"duration":30,"level":"debug","message":"Executed query","rows":1,"text":"SELECT * FROM users WHERE email = $1","timestamp":"2025-04-20T21:22:39.104Z"}
{"error":{"isOperational":true,"name":"AuthenticationError","status":"fail","statusCode":401},"level":"error","message":"Login error","timestamp":"2025-04-20T21:22:39.104Z"}
{"body":{"email":"mharriman6@gmail.com","password":"Bostonbruins1"},"error":{"isOperational":true,"name":"AuthenticationError","status":"fail","statusCode":401},"level":"error","message":"Error occurred","method":"POST","params":{},"path":"/api/auth/login","query":{},"timestamp":"2025-04-20T21:22:39.105Z"}
{"level":"info","message":"::1 - - [20/Apr/2025:21:22:39 +0000] \"POST /api/auth/login HTTP/1.1\" 401 49 \"http://localhost:5173/login\" \"Mozilla/5.0 (Macintosh; Intel Mac OS X 10_15_7) AppleWebKit/537.36 (KHTML, like Gecko) Chrome/135.0.0.0 Safari/537.36\"","timestamp":"2025-04-20T21:22:39.107Z"}
{"duration":1,"level":"debug","message":"Executed query","rows":1,"text":"SELECT * FROM users WHERE email = $1","timestamp":"2025-04-20T21:22:49.907Z"}
{"error":{"isOperational":true,"name":"AuthenticationError","status":"fail","statusCode":401},"level":"error","message":"Login error","timestamp":"2025-04-20T21:22:49.907Z"}
{"body":{"email":"mharriman6@gmail.com","password":"Bostonbruins1"},"error":{"isOperational":true,"name":"AuthenticationError","status":"fail","statusCode":401},"level":"error","message":"Error occurred","method":"POST","params":{},"path":"/api/auth/login","query":{},"timestamp":"2025-04-20T21:22:49.907Z"}
{"level":"info","message":"::1 - - [20/Apr/2025:21:22:49 +0000] \"POST /api/auth/login HTTP/1.1\" 401 49 \"http://localhost:5173/login\" \"Mozilla/5.0 (Macintosh; Intel Mac OS X 10_15_7) AppleWebKit/537.36 (KHTML, like Gecko) Chrome/135.0.0.0 Safari/537.36\"","timestamp":"2025-04-20T21:22:49.908Z"}
{"level":"debug","message":"Client removed from the pool","timestamp":"2025-04-20T21:23:19.907Z"}
{"level":"warn","message":"Client build directory not found:","timestamp":"2025-04-20T21:29:42.645Z"}
{"level":"debug","message":"New client connected to the pool","timestamp":"2025-04-20T21:29:42.681Z"}
{"duration":36,"level":"debug","message":"Executed query","text":"\n        CREATE TABLE IF NOT EXISTS users (\n          id SERIAL PRIMARY KEY,\n          email VARCHAR(255) UNIQUE NOT NULL,\n          password VARCHAR(255) NOT NULL,\n          created_at TIMESTAMP DEFAULT NOW()\n        );\n        \n        CREATE TABLE IF NOT EXISTS saved_articles (\n          id SERIAL PRIMARY KEY,\n          user_id INTEGER REFERENCES users(id),\n          article_id VARCHAR(255) NOT NULL,\n          saved_at TIMESTAMP DEFAULT NOW(),\n          UNIQUE(user_id, article_id)\n        );\n      ","timestamp":"2025-04-20T21:29:42.682Z"}
{"level":"info","message":"Database initialized successfully","timestamp":"2025-04-20T21:29:42.682Z"}
{"level":"info","message":"Server running on port 3001","timestamp":"2025-04-20T21:29:42.683Z"}
{"API_KEY_SET":true,"DB_CONNECTED":true,"NODE_ENV":"development","level":"info","message":"Current environment variables:","timestamp":"2025-04-20T21:29:42.683Z"}
{"level":"debug","message":"Client removed from the pool","timestamp":"2025-04-20T21:30:12.684Z"}
{"level":"warn","message":"Client build directory not found:","timestamp":"2025-04-20T21:33:45.527Z"}
{"level":"debug","message":"New client connected to the pool","timestamp":"2025-04-20T21:33:45.559Z"}
{"duration":32,"level":"debug","message":"Executed query","text":"\n        CREATE TABLE IF NOT EXISTS users (\n          id SERIAL PRIMARY KEY,\n          email VARCHAR(255) UNIQUE NOT NULL,\n          password VARCHAR(255) NOT NULL,\n          created_at TIMESTAMP DEFAULT NOW()\n        );\n        \n        CREATE TABLE IF NOT EXISTS saved_articles (\n          id SERIAL PRIMARY KEY,\n          user_id INTEGER REFERENCES users(id),\n          article_id VARCHAR(255) NOT NULL,\n          saved_at TIMESTAMP DEFAULT NOW(),\n          UNIQUE(user_id, article_id)\n        );\n      ","timestamp":"2025-04-20T21:33:45.560Z"}
{"level":"warn","message":"Client build directory not found:","timestamp":"2025-04-20T21:34:03.293Z"}
{"level":"debug","message":"New client connected to the pool","timestamp":"2025-04-20T21:34:03.327Z"}
{"duration":33,"level":"debug","message":"Executed query","text":"\n        CREATE TABLE IF NOT EXISTS users (\n          id SERIAL PRIMARY KEY,\n          email VARCHAR(255) UNIQUE NOT NULL,\n          password VARCHAR(255) NOT NULL,\n          created_at TIMESTAMP DEFAULT NOW()\n        );\n        \n        CREATE TABLE IF NOT EXISTS saved_articles (\n          id SERIAL PRIMARY KEY,\n          user_id INTEGER REFERENCES users(id),\n          article_id VARCHAR(255) NOT NULL,\n          saved_at TIMESTAMP DEFAULT NOW(),\n          UNIQUE(user_id, article_id)\n        );\n      ","timestamp":"2025-04-20T21:34:03.328Z"}
{"level":"info","message":"Database initialized successfully","timestamp":"2025-04-20T21:34:03.328Z"}
{"level":"info","message":"Server running on port 3001","timestamp":"2025-04-20T21:34:03.329Z"}
{"API_KEY_SET":true,"DB_CONNECTED":true,"NODE_ENV":"development","level":"info","message":"Current environment variables:","timestamp":"2025-04-20T21:34:03.329Z"}
{"level":"debug","message":"Client removed from the pool","timestamp":"2025-04-20T21:34:33.330Z"}
{"level":"info","message":"SIGTERM received. Shutting down gracefully...","timestamp":"2025-04-20T21:35:02.093Z"}
